<?xml version="1.0" encoding="UTF-8"?>
<!-- Generated by org.testng.reporters.JUnitXMLReporter -->
<testsuite ignored="1" hostname="WIN10EDS9" failures="0" tests="2" name="Default test" time="8.397" errors="0" timestamp="01 Apr 2024 06:53:51 GMT">
  <testcase classname="com.login.LoginTest" name="InValidlogin" time="0.434"/>
  <testcase classname="com.login.LoginTest" name="Validlogin" time="0.389"/>
  <testcase classname="com.login.LoginTest" name="forgotPassword" time="0.0">
    <ignored/>
  </testcase> <!-- forgotPassword -->
</testsuite> <!-- Default test -->
