<?xml version="1.0" encoding="UTF-8"?>
<testng-results ignored="1" total="3" passed="2" failed="0" skipped="0">
  <reporter-output>
  </reporter-output>
  <suite started-at="2024-04-01T06:53:43Z" name="Default suite" finished-at="2024-04-01T06:53:51Z" duration-ms="8397">
    <groups>
    </groups>
    <test started-at="2024-04-01T06:53:43Z" name="Default test" finished-at="2024-04-01T06:53:51Z" duration-ms="8397">
      <class name="com.login.LoginTest">
        <test-method is-config="true" signature="setup()[pri:0, instance:com.login.LoginTest@ae3540e]" started-at="2024-04-01T02:53:43Z" name="setup" finished-at="2024-04-01T02:53:46Z" duration-ms="3591" status="PASS">
          <reporter-output>
          </reporter-output>
        </test-method> <!-- setup -->
        <test-method signature="InValidlogin()[pri:0, instance:com.login.LoginTest@ae3540e]" started-at="2024-04-01T02:53:46Z" name="InValidlogin" finished-at="2024-04-01T02:53:47Z" duration-ms="434" status="PASS">
          <reporter-output>
          </reporter-output>
        </test-method> <!-- InValidlogin -->
        <test-method is-config="true" signature="setup()[pri:0, instance:com.login.LoginTest@ae3540e]" started-at="2024-04-01T02:53:47Z" name="setup" finished-at="2024-04-01T02:53:51Z" duration-ms="3958" status="PASS">
          <reporter-output>
          </reporter-output>
        </test-method> <!-- setup -->
        <test-method signature="Validlogin()[pri:0, instance:com.login.LoginTest@ae3540e]" started-at="2024-04-01T02:53:51Z" name="Validlogin" finished-at="2024-04-01T02:53:51Z" duration-ms="389" status="PASS">
          <reporter-output>
          </reporter-output>
        </test-method> <!-- Validlogin -->
      </class> <!-- com.login.LoginTest -->
    </test> <!-- Default test -->
  </suite> <!-- Default suite -->
</testng-results>
